Using pre-set license
Built from '2020.3/release' branch; Version is '2020.3.2f1 (8fd9074bf66c) revision 9427207'; Using compiler version '192528614'; Build Type 'Release'
OS: 'Windows 7  (6.1.0) 64bit' Language: 'fr' Physical Memory: 32688 MB
BatchMode: 1, IsHumanControllingUs: 0, StartBugReporterOnCrash: 0, Is64bit: 1, IsPro: 0

 COMMAND LINE ARGUMENTS:
C:\Program Files\Unity\Hub\Editor\2020.3.2f1\Editor\Unity.exe
-adb2
-batchMode
-noUpm
-name
AssetImportWorker0
-projectPath
C:/Users/frederic.bast/Desktop/UnityProjects/ReflexityAI
-logFile
Logs/AssetImportWorker0.log
-srvPort
65014
Successfully changed project path to: C:/Users/frederic.bast/Desktop/UnityProjects/ReflexityAI
C:/Users/frederic.bast/Desktop/UnityProjects/ReflexityAI
Using Asset Import Pipeline V2.
Refreshing native plugins compatible for Editor in 51.27 ms, found 0 plugins.
Preloading 0 native plugins for Editor in 0.00 ms.
Initialize engine version: 2020.3.2f1 (8fd9074bf66c)
[Subsystems] Discovering subsystems at path C:/Program Files/Unity/Hub/Editor/2020.3.2f1/Editor/Data/Resources/UnitySubsystems
[Subsystems] Discovering subsystems at path C:/Users/frederic.bast/Desktop/UnityProjects/ReflexityAI/Assets
GfxDevice: creating device client; threaded=0
d3d11: CreateDXGIFactory2(...) not found, fallbacking to CreateDXGIFactory1(...).
d3d11: QueryInterface(IDXGIFactory5) failed (80004002).
Direct3D:
    Version:  Direct3D 11.0 [level 11.0]
    Renderer: NVIDIA GeForce GTX 1060 3GB (ID=0x1c02)
    Vendor:   
    VRAM:     2986 MB
    Driver:   23.21.13.8813
Initialize mono
Mono path[0] = 'C:/Program Files/Unity/Hub/Editor/2020.3.2f1/Editor/Data/Managed'
Mono path[1] = 'C:/Program Files/Unity/Hub/Editor/2020.3.2f1/Editor/Data/MonoBleedingEdge/lib/mono/unityjit'
Mono config path = 'C:/Program Files/Unity/Hub/Editor/2020.3.2f1/Editor/Data/MonoBleedingEdge/etc'
Using monoOptions --debugger-agent=transport=dt_socket,embedding=1,server=y,suspend=n,address=127.0.0.1:56048
Begin MonoManager ReloadAssembly
Registering precompiled unity dll's ...
Register platform support module: C:/Program Files/Unity/Hub/Editor/2020.3.2f1/Editor/Data/PlaybackEngines/WindowsStandaloneSupport/UnityEditor.WindowsStandalone.Extensions.dll
Registered in 0.000906 seconds.
Native extension for WindowsStandalone target not found
Refreshing native plugins compatible for Editor in 36.92 ms, found 0 plugins.
Preloading 0 native plugins for Editor in 0.00 ms.
Invoked RoslynAnalysisRunner static constructor.
RoslynAnalysisRunner will not be running.
RoslynAnalysisRunner has terminated.
Mono: successfully reloaded assembly
- Completed reload, in  0.973 seconds
Platform modules already initialized, skipping
Registering precompiled user dll's ...
Registered in 0.002727 seconds.
Begin MonoManager ReloadAssembly
Native extension for WindowsStandalone target not found
Refreshing native plugins compatible for Editor in 0.45 ms, found 0 plugins.
Preloading 0 native plugins for Editor in 0.00 ms.
Invoked RoslynAnalysisRunner static constructor.
RoslynAnalysisRunner will not be running.
RoslynAnalysisRunner has terminated.
Mono: successfully reloaded assembly
- Completed reload, in  0.905 seconds
Platform modules already initialized, skipping
========================================================================
Worker process is ready to serve import requests
Launched and connected shader compiler UnityShaderCompiler.exe after 0.02 seconds
Refreshing native plugins compatible for Editor in 0.54 ms, found 0 plugins.
Preloading 0 native plugins for Editor in 0.00 ms.
Unloading 1752 Unused Serialized files (Serialized files now loaded: 0)
System memory in use before: 78.7 MB.
System memory in use after: 78.8 MB.

Unloading 93 unused Assets to reduce memory usage. Loaded Objects now: 2181.
Total: 2.065968 ms (FindLiveObjects: 0.219937 ms CreateObjectMapping: 0.061895 ms MarkObjects: 1.630300 ms  DeleteObjects: 0.152033 ms)

========================================================================
Received Import Request.
  path: Assets/Examples/TankArena/Scripts/Managers/GameManager.cs
  artifactKey: Guid(3520a0fae9cb2594d93ac59083853572) Importer(815301076,1909f56bfc062723c751e8b465ee728b)
Start importing Assets/Examples/TankArena/Scripts/Managers/GameManager.cs using Guid(3520a0fae9cb2594d93ac59083853572) Importer(815301076,1909f56bfc062723c751e8b465ee728b)  -> (artifact id: '3e546ca91ed2cf6a36fabfd5dbba8a28') in 0.083457 seconds
  Import took 0.086245 seconds .

========================================================================
Received Import Request.
  Time since last request: 13.631978 seconds.
  path: Assets/Examples/TankArena/Data/Tanks/BaseAI/DumbMoving.asset
  artifactKey: Guid(5b8c8e95878328146b174cb4ce57295b) Importer(815301076,1909f56bfc062723c751e8b465ee728b)
Start importing Assets/Examples/TankArena/Data/Tanks/BaseAI/DumbMoving.asset using Guid(5b8c8e95878328146b174cb4ce57295b) Importer(815301076,1909f56bfc062723c751e8b465ee728b)  -> (artifact id: '1d8d775848ec1c1bb16b31e29ef74b2c') in 0.019562 seconds
  Import took 0.023481 seconds .

========================================================================
Received Import Request.
  Time since last request: 0.746733 seconds.
  path: Assets/Examples/TankArena/Data/Tanks/BaseAI/DumbMoving.asset
  artifactKey: Guid(5b8c8e95878328146b174cb4ce57295b) Importer(815301076,1909f56bfc062723c751e8b465ee728b)
Start importing Assets/Examples/TankArena/Data/Tanks/BaseAI/DumbMoving.asset using Guid(5b8c8e95878328146b174cb4ce57295b) Importer(815301076,1909f56bfc062723c751e8b465ee728b)  -> (artifact id: 'cc93d3488fd2211703719f3ed2a2dd87') in 0.003947 seconds
  Import took 0.006793 seconds .

========================================================================
Received Prepare
Registering precompiled user dll's ...
Registered in 0.003587 seconds.
Begin MonoManager ReloadAssembly
Native extension for WindowsStandalone target not found
Refreshing native plugins compatible for Editor in 0.85 ms, found 0 plugins.
Preloading 0 native plugins for Editor in 0.00 ms.
Invoked RoslynAnalysisRunner static constructor.
RoslynAnalysisRunner will not be running.
RoslynAnalysisRunner has terminated.
NullReferenceException: Object reference not set to an instance of an object
  at Plugins.Reflexity.DataNodes.DataSelectorNode.UpdateReflectedData () [0x0002d] in C:\Users\frederic.bast\Desktop\UnityProjects\ReflexityAI\Assets\Plugins\Reflexity\DataNodes\DataSelectorNode.cs:32 
  at Plugins.Reflexity.DataNodes.DataSelectorNode.OnValidate () [0x00001] in C:\Users\frederic.bast\Desktop\UnityProjects\ReflexityAI\Assets\Plugins\Reflexity\DataNodes\DataSelectorNode.cs:26 
UnityEditor.AssetDatabase:LoadAssetAtPath(String, Type)
XNodeEditor.NodeEditorAssetModProcessor:OnReloadEditor() (at Assets\Plugins\xNode\Scripts\Editor\NodeEditorAssetModProcessor.cs:54)

(Filename: Assets/Plugins/Reflexity/DataNodes/DataSelectorNode.cs Line: 32)

NullReferenceException: Object reference not set to an instance of an object
  at Plugins.Reflexity.DataNodes.DataSelectorNode.UpdateReflectedData () [0x0002d] in C:\Users\frederic.bast\Desktop\UnityProjects\ReflexityAI\Assets\Plugins\Reflexity\DataNodes\DataSelectorNode.cs:32 
  at Plugins.Reflexity.DataNodes.DataSelectorNode.OnValidate () [0x00001] in C:\Users\frederic.bast\Desktop\UnityProjects\ReflexityAI\Assets\Plugins\Reflexity\DataNodes\DataSelectorNode.cs:26 
UnityEditor.AssetDatabase:LoadAssetAtPath(String, Type)
XNodeEditor.NodeEditorAssetModProcessor:OnReloadEditor() (at Assets\Plugins\xNode\Scripts\Editor\NodeEditorAssetModProcessor.cs:54)

(Filename: Assets/Plugins/Reflexity/DataNodes/DataSelectorNode.cs Line: 32)

NullReferenceException: Object reference not set to an instance of an object
  at Plugins.Reflexity.DataNodes.DataSelectorNode.UpdateReflectedData () [0x0002d] in C:\Users\frederic.bast\Desktop\UnityProjects\ReflexityAI\Assets\Plugins\Reflexity\DataNodes\DataSelectorNode.cs:32 
  at Plugins.Reflexity.DataNodes.DataSelectorNode.OnValidate () [0x00001] in C:\Users\frederic.bast\Desktop\UnityProjects\ReflexityAI\Assets\Plugins\Reflexity\DataNodes\DataSelectorNode.cs:26 
UnityEditor.AssetDatabase:LoadAssetAtPath(String, Type)
XNodeEditor.NodeEditorAssetModProcessor:OnReloadEditor() (at Assets\Plugins\xNode\Scripts\Editor\NodeEditorAssetModProcessor.cs:54)

(Filename: Assets/Plugins/Reflexity/DataNodes/DataSelectorNode.cs Line: 32)

NullReferenceException: Object reference not set to an instance of an object
  at Plugins.Reflexity.DataNodes.DataSelectorNode.UpdateReflectedData () [0x0002d] in C:\Users\frederic.bast\Desktop\UnityProjects\ReflexityAI\Assets\Plugins\Reflexity\DataNodes\DataSelectorNode.cs:32 
  at Plugins.Reflexity.DataNodes.DataSelectorNode.OnValidate () [0x00001] in C:\Users\frederic.bast\Desktop\UnityProjects\ReflexityAI\Assets\Plugins\Reflexity\DataNodes\DataSelectorNode.cs:26 
UnityEditor.AssetDatabase:LoadAssetAtPath(String, Type)
XNodeEditor.NodeEditorAssetModProcessor:OnReloadEditor() (at Assets\Plugins\xNode\Scripts\Editor\NodeEditorAssetModProcessor.cs:54)

(Filename: Assets/Plugins/Reflexity/DataNodes/DataSelectorNode.cs Line: 32)

NullReferenceException: Object reference not set to an instance of an object
  at Plugins.Reflexity.DataNodes.DataSelectorNode.UpdateReflectedData () [0x0002d] in C:\Users\frederic.bast\Desktop\UnityProjects\ReflexityAI\Assets\Plugins\Reflexity\DataNodes\DataSelectorNode.cs:32 
  at Plugins.Reflexity.DataNodes.DataSelectorNode.OnValidate () [0x00001] in C:\Users\frederic.bast\Desktop\UnityProjects\ReflexityAI\Assets\Plugins\Reflexity\DataNodes\DataSelectorNode.cs:26 
UnityEditor.AssetDatabase:LoadAssetAtPath(String, Type)
XNodeEditor.NodeEditorAssetModProcessor:OnReloadEditor() (at Assets\Plugins\xNode\Scripts\Editor\NodeEditorAssetModProcessor.cs:54)

(Filename: Assets/Plugins/Reflexity/DataNodes/DataSelectorNode.cs Line: 32)

NullReferenceException: Object reference not set to an instance of an object
  at Plugins.Reflexity.DataNodes.DataSelectorNode.UpdateReflectedData () [0x0002d] in C:\Users\frederic.bast\Desktop\UnityProjects\ReflexityAI\Assets\Plugins\Reflexity\DataNodes\DataSelectorNode.cs:32 
  at Plugins.Reflexity.DataNodes.DataSelectorNode.OnValidate () [0x00001] in C:\Users\frederic.bast\Desktop\UnityProjects\ReflexityAI\Assets\Plugins\Reflexity\DataNodes\DataSelectorNode.cs:26 
UnityEditor.AssetDatabase:LoadAssetAtPath(String, Type)
XNodeEditor.NodeEditorAssetModProcessor:OnReloadEditor() (at Assets\Plugins\xNode\Scripts\Editor\NodeEditorAssetModProcessor.cs:54)

(Filename: Assets/Plugins/Reflexity/DataNodes/DataSelectorNode.cs Line: 32)

NullReferenceException: Object reference not set to an instance of an object
  at Plugins.Reflexity.DataNodes.DataSelectorNode.UpdateReflectedData () [0x0002d] in C:\Users\frederic.bast\Desktop\UnityProjects\ReflexityAI\Assets\Plugins\Reflexity\DataNodes\DataSelectorNode.cs:32 
  at Plugins.Reflexity.DataNodes.DataSelectorNode.OnValidate () [0x00001] in C:\Users\frederic.bast\Desktop\UnityProjects\ReflexityAI\Assets\Plugins\Reflexity\DataNodes\DataSelectorNode.cs:26 
UnityEditor.AssetDatabase:LoadAssetAtPath(String, Type)
XNodeEditor.NodeEditorAssetModProcessor:OnReloadEditor() (at Assets\Plugins\xNode\Scripts\Editor\NodeEditorAssetModProcessor.cs:54)

(Filename: Assets/Plugins/Reflexity/DataNodes/DataSelectorNode.cs Line: 32)

NullReferenceException: Object reference not set to an instance of an object
  at XNodeEditor.NodeEditorAssetModProcessor.OnReloadEditor () [0x0004e] in C:\Users\frederic.bast\Desktop\UnityProjects\ReflexityAI\Assets\Plugins\xNode\Scripts\Editor\NodeEditorAssetModProcessor.cs:55 

(Filename: Assets/Plugins/xNode/Scripts/Editor/NodeEditorAssetModProcessor.cs Line: 55)

Mono: successfully reloaded assembly
- Completed reload, in  1.292 seconds
Platform modules already initialized, skipping
Refreshing native plugins compatible for Editor in 0.68 ms, found 0 plugins.
Preloading 0 native plugins for Editor in 0.00 ms.
Unloading 1731 Unused Serialized files (Serialized files now loaded: 0)
System memory in use before: 78.4 MB.
System memory in use after: 78.5 MB.

Unloading 78 unused Assets to reduce memory usage. Loaded Objects now: 2184.
Total: 3.084530 ms (FindLiveObjects: 0.257495 ms CreateObjectMapping: 0.112673 ms MarkObjects: 2.644355 ms  DeleteObjects: 0.068806 ms)

